# JRE version: OpenJDK Runtime Environment Temurin-21.0.6+7 (21.0.6+7) (build 21.0.6+7-LTS)
# Java VM: OpenJDK 64-Bit Server VM Temurin-21.0.6+7 (21.0.6+7-LTS, mixed mode, sharing, tiered, compressed oops, compressed class ptrs, parallel gc, windows-amd64)
GC Precious Log:
 CardTable entry size: 512
 CPUs: 16 total, 16 available
 Memory: 36715M
 Large Page Support: Disabled
 NUMA Support: Disabled
 Compressed Oops: Enabled (32-bit)
 Alignments: Space 512K, Generation 512K, Heap 2M
 Heap Min Capacity: 100M
 Heap Initial Capacity: 100M
 Heap Max Capacity: 1G
 Pre-touch: Disabled
 Parallel Workers: 13
Heap:
 PSYoungGen      total 3584K, used 1637K [0x00000000eab00000, 0x00000000eaf80000, 0x0000000100000000)
  eden space 3072K, 39% used [0x00000000eab00000,0x00000000eac316f0,0x00000000eae00000)
  from space 512K, 81% used [0x00000000eaf00000,0x00000000eaf68000,0x00000000eaf80000)
  to   space 512K, 0% used [0x00000000eae00000,0x00000000eae00000,0x00000000eae80000)
 ParOldGen       total 341504K, used 341362K [0x00000000c0000000, 0x00000000d4d80000, 0x00000000eab00000)
  object space 341504K, 99% used [0x00000000c0000000,0x00000000d4d5cbb8,0x00000000d4d80000)
 Metaspace       used 98568K, committed 100288K, reserved 1179648K
  class space    used 9868K, committed 10624K, reserved 1048576K
GC Heap History (20 events):
Event: 336439.465 GC heap before
{Heap before GC invocations=4418 (full 7):
 PSYoungGen      total 4608K, used 4608K [0x00000000eab00000, 0x00000000eb680000, 0x0000000100000000)
  eden space 3584K, 100% used [0x00000000eab00000,0x00000000eae80000,0x00000000eae80000)
  from space 1024K, 100% used [0x00000000eb180000,0x00000000eb280000,0x00000000eb280000)
  to   space 3072K, 0% used [0x00000000eae80000,0x00000000eae80000,0x00000000eb180000)
 ParOldGen       total 338432K, used 338242K [0x00000000c0000000, 0x00000000d4a80000, 0x00000000eab00000)
  object space 338432K, 99% used [0x00000000c0000000,0x00000000d4a50b78,0x00000000d4a80000)
 Metaspace       used 97115K, committed 98880K, reserved 1179648K
  class space    used 9668K, committed 10432K, reserved 1048576K
}
Event: 336439.467 GC heap after
{Heap after GC invocations=4418 (full 7):
 PSYoungGen      total 4096K, used 480K [0x00000000eab00000, 0x00000000eb200000, 0x0000000100000000)
  eden space 3584K, 0% used [0x00000000eab00000,0x00000000eab00000,0x00000000eae80000)
  from space 512K, 93% used [0x00000000eae80000,0x00000000eaef8000,0x00000000eaf00000)
  to   space 1536K, 0% used [0x00000000eb080000,0x00000000eb080000,0x00000000eb200000)
 ParOldGen       total 339456K, used 338998K [0x00000000c0000000, 0x00000000d4b80000, 0x00000000eab00000)
  object space 339456K, 99% used [0x00000000c0000000,0x00000000d4b0db88,0x00000000d4b80000)
 Metaspace       used 97115K, committed 98880K, reserved 1179648K
  class space    used 9668K, committed 10432K, reserved 1048576K
}
Event: 336439.519 GC heap before
{Heap before GC invocations=4419 (full 7):
 PSYoungGen      total 4096K, used 4064K [0x00000000eab00000, 0x00000000eb200000, 0x0000000100000000)
  eden space 3584K, 100% used [0x00000000eab00000,0x00000000eae80000,0x00000000eae80000)
  from space 512K, 93% used [0x00000000eae80000,0x00000000eaef8000,0x00000000eaf00000)
  to   space 1536K, 0% used [0x00000000eb080000,0x00000000eb080000,0x00000000eb200000)
 ParOldGen       total 339456K, used 338998K [0x00000000c0000000, 0x00000000d4b80000, 0x00000000eab00000)
  object space 339456K, 99% used [0x00000000c0000000,0x00000000d4b0db88,0x00000000d4b80000)
 Metaspace       used 97116K, committed 98880K, reserved 1179648K
  class space    used 9668K, committed 10432K, reserved 1048576K
}
Event: 336439.521 GC heap after
{Heap after GC invocations=4419 (full 7):
 PSYoungGen      total 4096K, used 480K [0x00000000eab00000, 0x00000000eb100000, 0x0000000100000000)
  eden space 3584K, 0% used [0x00000000eab00000,0x00000000eab00000,0x00000000eae80000)
  from space 512K, 93% used [0x00000000eb080000,0x00000000eb0f8000,0x00000000eb100000)
  to   space 1024K, 0% used [0x00000000eaf00000,0x00000000eaf00000,0x00000000eb000000)
 ParOldGen       total 339456K, used 339190K [0x00000000c0000000, 0x00000000d4b80000, 0x00000000eab00000)
  object space 339456K, 99% used [0x00000000c0000000,0x00000000d4b3db88,0x00000000d4b80000)
 Metaspace       used 97116K, committed 98880K, reserved 1179648K
  class space    used 9668K, committed 10432K, reserved 1048576K
}
Event: 336439.559 GC heap before
{Heap before GC invocations=4420 (full 7):
 PSYoungGen      total 4096K, used 4064K [0x00000000eab00000, 0x00000000eb100000, 0x0000000100000000)
  eden space 3584K, 100% used [0x00000000eab00000,0x00000000eae80000,0x00000000eae80000)
  from space 512K, 93% used [0x00000000eb080000,0x00000000eb0f8000,0x00000000eb100000)
  to   space 1024K, 0% used [0x00000000eaf00000,0x00000000eaf00000,0x00000000eb000000)
 ParOldGen       total 339456K, used 339190K [0x00000000c0000000, 0x00000000d4b80000, 0x00000000eab00000)
  object space 339456K, 99% used [0x00000000c0000000,0x00000000d4b3db88,0x00000000d4b80000)
 Metaspace       used 97125K, committed 98880K, reserved 1179648K
  class space    used 9669K, committed 10432K, reserved 1048576K
}
Event: 336439.561 GC heap after
{Heap after GC invocations=4420 (full 7):
 PSYoungGen      total 4608K, used 544K [0x00000000eab00000, 0x00000000eb100000, 0x0000000100000000)
  eden space 3584K, 0% used [0x00000000eab00000,0x00000000eab00000,0x00000000eae80000)
  from space 1024K, 53% used [0x00000000eaf00000,0x00000000eaf88000,0x00000000eb000000)
  to   space 1024K, 0% used [0x00000000eb000000,0x00000000eb000000,0x00000000eb100000)
 ParOldGen       total 339456K, used 339350K [0x00000000c0000000, 0x00000000d4b80000, 0x00000000eab00000)
  object space 339456K, 99% used [0x00000000c0000000,0x00000000d4b65b88,0x00000000d4b80000)
 Metaspace       used 97125K, committed 98880K, reserved 1179648K
  class space    used 9669K, committed 10432K, reserved 1048576K
}
Event: 336439.580 GC heap before
{Heap before GC invocations=4421 (full 7):
 PSYoungGen      total 4608K, used 4128K [0x00000000eab00000, 0x00000000eb100000, 0x0000000100000000)
  eden space 3584K, 100% used [0x00000000eab00000,0x00000000eae80000,0x00000000eae80000)
  from space 1024K, 53% used [0x00000000eaf00000,0x00000000eaf88000,0x00000000eb000000)
  to   space 1024K, 0% used [0x00000000eb000000,0x00000000eb000000,0x00000000eb100000)
 ParOldGen       total 339456K, used 339350K [0x00000000c0000000, 0x00000000d4b80000, 0x00000000eab00000)
  object space 339456K, 99% used [0x00000000c0000000,0x00000000d4b65b88,0x00000000d4b80000)
 Metaspace       used 97126K, committed 98880K, reserved 1179648K
  class space    used 9669K, committed 10432K, reserved 1048576K
}
Event: 336439.582 GC heap after
{Heap after GC invocations=4421 (full 7):
 PSYoungGen      total 4608K, used 704K [0x00000000eab00000, 0x00000000eb100000, 0x0000000100000000)
  eden space 3584K, 0% used [0x00000000eab00000,0x00000000eab00000,0x00000000eae80000)
  from space 1024K, 68% used [0x00000000eb000000,0x00000000eb0b0000,0x00000000eb100000)
  to   space 1024K, 0% used [0x00000000eaf00000,0x00000000eaf00000,0x00000000eb000000)
 ParOldGen       total 339456K, used 339454K [0x00000000c0000000, 0x00000000d4b80000, 0x00000000eab00000)
  object space 339456K, 99% used [0x00000000c0000000,0x00000000d4b7fb88,0x00000000d4b80000)
 Metaspace       used 97126K, committed 98880K, reserved 1179648K
  class space    used 9669K, committed 10432K, reserved 1048576K
}
Event: 336439.685 GC heap before
{Heap before GC invocations=4422 (full 7):
 PSYoungGen      total 4608K, used 4280K [0x00000000eab00000, 0x00000000eb100000, 0x0000000100000000)
  eden space 3584K, 99% used [0x00000000eab00000,0x00000000eae7e100,0x00000000eae80000)
  from space 1024K, 68% used [0x00000000eb000000,0x00000000eb0b0000,0x00000000eb100000)
  to   space 1024K, 0% used [0x00000000eaf00000,0x00000000eaf00000,0x00000000eb000000)
 ParOldGen       total 339456K, used 339454K [0x00000000c0000000, 0x00000000d4b80000, 0x00000000eab00000)
  object space 339456K, 99% used [0x00000000c0000000,0x00000000d4b7fb88,0x00000000d4b80000)
 Metaspace       used 97153K, committed 98880K, reserved 1179648K
  class space    used 9669K, committed 10432K, reserved 1048576K
}
Event: 336439.687 GC heap after
{Heap after GC invocations=4422 (full 7):
 PSYoungGen      total 4096K, used 416K [0x00000000eab00000, 0x00000000eb080000, 0x0000000100000000)
  eden space 3584K, 0% used [0x00000000eab00000,0x00000000eab00000,0x00000000eae80000)
  from space 512K, 81% used [0x00000000eaf00000,0x00000000eaf68000,0x00000000eaf80000)
  to   space 1024K, 0% used [0x00000000eaf80000,0x00000000eaf80000,0x00000000eb080000)
 ParOldGen       total 339968K, used 339870K [0x00000000c0000000, 0x00000000d4c00000, 0x00000000eab00000)
  object space 339968K, 99% used [0x00000000c0000000,0x00000000d4be7b88,0x00000000d4c00000)
 Metaspace       used 97153K, committed 98880K, reserved 1179648K
  class space    used 9669K, committed 10432K, reserved 1048576K
}
Event: 336439.951 GC heap before
{Heap before GC invocations=4423 (full 7):
 PSYoungGen      total 4096K, used 4000K [0x00000000eab00000, 0x00000000eb080000, 0x0000000100000000)
  eden space 3584K, 100% used [0x00000000eab00000,0x00000000eae80000,0x00000000eae80000)
  from space 512K, 81% used [0x00000000eaf00000,0x00000000eaf68000,0x00000000eaf80000)
  to   space 1024K, 0% used [0x00000000eaf80000,0x00000000eaf80000,0x00000000eb080000)
 ParOldGen       total 339968K, used 339870K [0x00000000c0000000, 0x00000000d4c00000, 0x00000000eab00000)
  object space 339968K, 99% used [0x00000000c0000000,0x00000000d4be7b88,0x00000000d4c00000)
 Metaspace       used 97156K, committed 98880K, reserved 1179648K
  class space    used 9670K, committed 10432K, reserved 1048576K
}
Event: 336439.952 GC heap after
{Heap after GC invocations=4423 (full 7):
 PSYoungGen      total 4096K, used 416K [0x00000000eab00000, 0x00000000eb000000, 0x0000000100000000)
  eden space 3584K, 0% used [0x00000000eab00000,0x00000000eab00000,0x00000000eae80000)
  from space 512K, 81% used [0x00000000eaf80000,0x00000000eafe8000,0x00000000eb000000)
  to   space 512K, 0% used [0x00000000eaf00000,0x00000000eaf00000,0x00000000eaf80000)
 ParOldGen       total 340480K, used 340014K [0x00000000c0000000, 0x00000000d4c80000, 0x00000000eab00000)
  object space 340480K, 99% used [0x00000000c0000000,0x00000000d4c0bb98,0x00000000d4c80000)
 Metaspace       used 97156K, committed 98880K, reserved 1179648K
  class space    used 9670K, committed 10432K, reserved 1048576K
}
Event: 336440.116 GC heap before
{Heap before GC invocations=4424 (full 7):
 PSYoungGen      total 4096K, used 4000K [0x00000000eab00000, 0x00000000eb000000, 0x0000000100000000)
  eden space 3584K, 100% used [0x00000000eab00000,0x00000000eae80000,0x00000000eae80000)
  from space 512K, 81% used [0x00000000eaf80000,0x00000000eafe8000,0x00000000eb000000)
  to   space 512K, 0% used [0x00000000eaf00000,0x00000000eaf00000,0x00000000eaf80000)
 ParOldGen       total 340480K, used 340014K [0x00000000c0000000, 0x00000000d4c80000, 0x00000000eab00000)
  object space 340480K, 99% used [0x00000000c0000000,0x00000000d4c0bb98,0x00000000d4c80000)
 Metaspace       used 97356K, committed 99072K, reserved 1179648K
  class space    used 9694K, committed 10432K, reserved 1048576K
}
Event: 336440.119 GC heap after
{Heap after GC invocations=4424 (full 7):
 PSYoungGen      total 4096K, used 288K [0x00000000eab00000, 0x00000000eb000000, 0x0000000100000000)
  eden space 3584K, 0% used [0x00000000eab00000,0x00000000eab00000,0x00000000eae80000)
  from space 512K, 56% used [0x00000000eaf00000,0x00000000eaf48000,0x00000000eaf80000)
  to   space 512K, 0% used [0x00000000eaf80000,0x00000000eaf80000,0x00000000eb000000)
 ParOldGen       total 340480K, used 340162K [0x00000000c0000000, 0x00000000d4c80000, 0x00000000eab00000)
  object space 340480K, 99% used [0x00000000c0000000,0x00000000d4c30ba8,0x00000000d4c80000)
 Metaspace       used 97356K, committed 99072K, reserved 1179648K
  class space    used 9694K, committed 10432K, reserved 1048576K
}
Event: 336440.176 GC heap before
{Heap before GC invocations=4425 (full 7):
 PSYoungGen      total 4096K, used 3872K [0x00000000eab00000, 0x00000000eb000000, 0x0000000100000000)
  eden space 3584K, 100% used [0x00000000eab00000,0x00000000eae80000,0x00000000eae80000)
  from space 512K, 56% used [0x00000000eaf00000,0x00000000eaf48000,0x00000000eaf80000)
  to   space 512K, 0% used [0x00000000eaf80000,0x00000000eaf80000,0x00000000eb000000)
 ParOldGen       total 340480K, used 340162K [0x00000000c0000000, 0x00000000d4c80000, 0x00000000eab00000)
  object space 340480K, 99% used [0x00000000c0000000,0x00000000d4c30ba8,0x00000000d4c80000)
 Metaspace       used 97615K, committed 99328K, reserved 1179648K
  class space    used 9737K, committed 10496K, reserved 1048576K
}
Event: 336440.178 GC heap after
{Heap after GC invocations=4425 (full 7):
 PSYoungGen      total 3584K, used 480K [0x00000000eab00000, 0x00000000eb180000, 0x0000000100000000)
  eden space 3072K, 0% used [0x00000000eab00000,0x00000000eab00000,0x00000000eae00000)
  from space 512K, 93% used [0x00000000eaf80000,0x00000000eaff8010,0x00000000eb000000)
  to   space 1536K, 0% used [0x00000000eae00000,0x00000000eae00000,0x00000000eaf80000)
 ParOldGen       total 340992K, used 340738K [0x00000000c0000000, 0x00000000d4d00000, 0x00000000eab00000)
  object space 340992K, 99% used [0x00000000c0000000,0x00000000d4cc0ba8,0x00000000d4d00000)
 Metaspace       used 97615K, committed 99328K, reserved 1179648K
  class space    used 9737K, committed 10496K, reserved 1048576K
}
Event: 336440.234 GC heap before
{Heap before GC invocations=4426 (full 7):
 PSYoungGen      total 3584K, used 3552K [0x00000000eab00000, 0x00000000eb180000, 0x0000000100000000)
  eden space 3072K, 100% used [0x00000000eab00000,0x00000000eae00000,0x00000000eae00000)
  from space 512K, 93% used [0x00000000eaf80000,0x00000000eaff8010,0x00000000eb000000)
  to   space 1536K, 0% used [0x00000000eae00000,0x00000000eae00000,0x00000000eaf80000)
 ParOldGen       total 340992K, used 340738K [0x00000000c0000000, 0x00000000d4d00000, 0x00000000eab00000)
  object space 340992K, 99% used [0x00000000c0000000,0x00000000d4cc0ba8,0x00000000d4d00000)
 Metaspace       used 98000K, committed 99712K, reserved 1179648K
  class space    used 9792K, committed 10560K, reserved 1048576K
}
Event: 336440.236 GC heap after
{Heap after GC invocations=4426 (full 7):
 PSYoungGen      total 3584K, used 320K [0x00000000eab00000, 0x00000000eb000000, 0x0000000100000000)
  eden space 3072K, 0% used [0x00000000eab00000,0x00000000eab00000,0x00000000eae00000)
  from space 512K, 62% used [0x00000000eae00000,0x00000000eae50000,0x00000000eae80000)
  to   space 1024K, 0% used [0x00000000eaf00000,0x00000000eaf00000,0x00000000eb000000)
 ParOldGen       total 341504K, used 341266K [0x00000000c0000000, 0x00000000d4d80000, 0x00000000eab00000)
  object space 341504K, 99% used [0x00000000c0000000,0x00000000d4d44bb8,0x00000000d4d80000)
 Metaspace       used 98000K, committed 99712K, reserved 1179648K
  class space    used 9792K, committed 10560K, reserved 1048576K
}
Event: 336440.288 GC heap before
{Heap before GC invocations=4427 (full 7):
 PSYoungGen      total 3584K, used 3392K [0x00000000eab00000, 0x00000000eb000000, 0x0000000100000000)
  eden space 3072K, 100% used [0x00000000eab00000,0x00000000eae00000,0x00000000eae00000)
  from space 512K, 62% used [0x00000000eae00000,0x00000000eae50000,0x00000000eae80000)
  to   space 1024K, 0% used [0x00000000eaf00000,0x00000000eaf00000,0x00000000eb000000)
 ParOldGen       total 341504K, used 341266K [0x00000000c0000000, 0x00000000d4d80000, 0x00000000eab00000)
  object space 341504K, 99% used [0x00000000c0000000,0x00000000d4d44bb8,0x00000000d4d80000)
 Metaspace       used 98433K, committed 100160K, reserved 1179648K
  class space    used 9854K, committed 10624K, reserved 1048576K
}
Event: 336440.291 GC heap after
{Heap after GC invocations=4427 (full 7):
 PSYoungGen      total 3584K, used 416K [0x00000000eab00000, 0x00000000eaf80000, 0x0000000100000000)
  eden space 3072K, 0% used [0x00000000eab00000,0x00000000eab00000,0x00000000eae00000)
  from space 512K, 81% used [0x00000000eaf00000,0x00000000eaf68000,0x00000000eaf80000)
  to   space 512K, 0% used [0x00000000eae00000,0x00000000eae00000,0x00000000eae80000)
 ParOldGen       total 341504K, used 341362K [0x00000000c0000000, 0x00000000d4d80000, 0x00000000eab00000)
  object space 341504K, 99% used [0x00000000c0000000,0x00000000d4d5cbb8,0x00000000d4d80000)
 Metaspace       used 98433K, committed 100160K, reserved 1179648K
  class space    used 9854K, committed 10624K, reserved 1048576K
}

